<?xml version="1.0" encoding="UTF-8"?>
<!-- Generated by org.testng.reporters.JUnitReportReporter -->
<testsuite skipped="0" hostname="vivek" name="com.testng.FirstTestng" tests="4" failures="0" timestamp="22 Feb 2018 18:05:50 GMT" time="0.037" errors="0">
  <testcase name="firstTestCase" time="0.024" classname="com.testng.FirstTestng"/>
  <testcase name="secondTestCase" time="0.003" classname="com.testng.FirstTestng"/>
  <testcase name="thirdTestCase" time="0.006" classname="com.testng.FirstTestng"/>
  <testcase name="fourthTestCase" time="0.004" classname="com.testng.FirstTestng"/>
</testsuite> <!-- com.testng.FirstTestng -->
