<?xml version="1.0" encoding="UTF-8"?>
<!-- Generated by org.testng.reporters.JUnitReportReporter -->
<testsuite skipped="0" hostname="vivek" name="com.testng.ParameterizeTestNG" tests="3" failures="0" timestamp="16 Mar 2018 13:57:33 GMT" time="0.032" errors="0">
  <testcase name="firstTest" time="0.025" classname="com.testng.ParameterizeTestNG"/>
  <testcase name="secondTest" time="0.003" classname="com.testng.ParameterizeTestNG"/>
  <testcase name="thirdTest" time="0.004" classname="com.testng.ParameterizeTestNG"/>
</testsuite> <!-- com.testng.ParameterizeTestNG -->
