<?xml version="1.0" encoding="UTF-8"?>
<!-- Generated by org.testng.reporters.JUnitReportReporter -->
<testsuite skipped="0" hostname="vivek" name="com.testng.NewTest2" tests="3" failures="0" timestamp="27 Feb 2018 08:35:21 GMT" time="0.006" errors="0">
  <testcase name="deleteVendor" time="0.002" classname="com.testng.NewTest2"/>
  <testcase name="deleteProduct" time="0.002" classname="com.testng.NewTest2"/>
  <testcase name="deleteCurrency" time="0.002" classname="com.testng.NewTest2"/>
</testsuite> <!-- com.testng.NewTest2 -->
