<?xml version="1.0" encoding="UTF-8"?>
<!-- Generated by org.testng.reporters.JUnitReportReporter -->
<testsuite skipped="0" hostname="vivek" name="com.testng.EnabledDisabledTests" tests="1" failures="0" timestamp="19 Mar 2018 12:18:36 GMT" time="0.035" errors="0">
  <testcase name="testTwo" time="0.035" classname="com.testng.EnabledDisabledTests"/>
</testsuite> <!-- com.testng.EnabledDisabledTests -->
