<?xml version="1.0" encoding="UTF-8"?>
<!-- Generated by org.testng.reporters.JUnitReportReporter -->
<testsuite skipped="0" hostname="vivek" name="com.testng.PractiseAutomationForm" tests="1" failures="0" timestamp="15 Mar 2018 06:51:55 GMT" time="2.460" errors="0">
  <testcase name="enterData" time="2.460" classname="com.testng.PractiseAutomationForm"/>
</testsuite> <!-- com.testng.PractiseAutomationForm -->
