<?xml version="1.0" encoding="UTF-8"?>
<!-- Generated by org.testng.reporters.JUnitReportReporter -->
<testsuite skipped="0" hostname="vivek" name="com.testng.NewTest1" tests="3" failures="0" timestamp="27 Feb 2018 08:35:21 GMT" time="0.013" errors="0">
  <testcase name="addVendor" time="0.009" classname="com.testng.NewTest1"/>
  <testcase name="addProduct" time="0.002" classname="com.testng.NewTest1"/>
  <testcase name="addCurrency" time="0.002" classname="com.testng.NewTest1"/>
</testsuite> <!-- com.testng.NewTest1 -->
