<?xml version="1.0" encoding="UTF-8"?>
<!-- Generated by org.testng.reporters.JUnitReportReporter -->
<testsuite skipped="0" hostname="vivek" name="com.testng.Sample" tests="2" failures="0" timestamp="15 Mar 2018 07:23:03 GMT" time="19.585" errors="0">
  <testcase name="launchBrowser" time="16.648" classname="com.testng.Sample"/>
  <testcase name="enterData" time="2.937" classname="com.testng.Sample"/>
</testsuite> <!-- com.testng.Sample -->
