<?xml version="1.0" encoding="UTF-8"?>
<!-- Generated by org.testng.reporters.JUnitReportReporter -->
<testsuite skipped="0" hostname="vivek" name="com.testng.Demo" tests="5" failures="0" timestamp="25 Feb 2018 12:34:16 GMT" time="0.034" errors="0">
  <testcase name="testOne" time="0.025" classname="com.testng.Demo"/>
  <testcase name="testTwo" time="0.002" classname="com.testng.Demo"/>
  <testcase name="testFour" time="0.003" classname="com.testng.Demo"/>
  <testcase name="testFive" time="0.002" classname="com.testng.Demo"/>
  <testcase name="testSix" time="0.002" classname="com.testng.Demo"/>
</testsuite> <!-- com.testng.Demo -->
