<?xml version="1.0" encoding="UTF-8"?>
<!-- Generated by org.testng.reporters.JUnitReportReporter -->
<testsuite skipped="0" hostname="vivek" name="com.logfile.LogDemoFile" tests="1" failures="0" timestamp="19 Mar 2018 12:04:11 GMT" time="59.090" errors="0">
  <testcase name="verifyTitle" time="59.090" classname="com.logfile.LogDemoFile"/>
</testsuite> <!-- com.logfile.LogDemoFile -->
